test_p1 (__main__.Test.test_p1) ... ERROR
test_p10 (__main__.Test.test_p10) ... ok
test_p2 (__main__.Test.test_p2) ... ok
test_p3 (__main__.Test.test_p3) ... ok
test_p4 (__main__.Test.test_p4) ... ok
test_p5 (__main__.Test.test_p5) ... ok
test_p6 (__main__.Test.test_p6) ... ERROR
test_p7 (__main__.Test.test_p7) ... ERROR
test_p8 (__main__.Test.test_p8) ... ERROR
test_p9 (__main__.Test.test_p9) ... ok

======================================================================
ERROR: test_p1 (__main__.Test.test_p1)
----------------------------------------------------------------------
Traceback (most recent call last):
  File "C:\Users\trene\Desktop\Test2\check-test2-ZIISS1-1113.py", line 13, in test_p1
    import p1
ModuleNotFoundError: No module named 'p1'

======================================================================
ERROR: test_p6 (__main__.Test.test_p6)
----------------------------------------------------------------------
Traceback (most recent call last):
  File "C:\Users\trene\Desktop\Test2\check-test2-ZIISS1-1113.py", line 40, in test_p6
    import p6
ModuleNotFoundError: No module named 'p6'

======================================================================
ERROR: test_p7 (__main__.Test.test_p7)
----------------------------------------------------------------------
Traceback (most recent call last):
  File "C:\Users\trene\Desktop\Test2\check-test2-ZIISS1-1113.py", line 49, in test_p7
    self.assertEqual(p7.f(email)["pencils"],12)
                     ~~~~~~~~~~~^^^^^^^^^^^
KeyError: 'pencils'

======================================================================
ERROR: test_p8 (__main__.Test.test_p8)
----------------------------------------------------------------------
Traceback (most recent call last):
  File "C:\Users\trene\Desktop\Test2\check-test2-ZIISS1-1113.py", line 54, in test_p8
    import p8
ModuleNotFoundError: No module named 'p8'

----------------------------------------------------------------------
Ran 10 tests in 0.012s

FAILED (errors=4)
